{"/home/ahmed/lighthouse/scheduler/src/index.js": {"path":"/home/ahmed/lighthouse/scheduler/src/index.js","statementMap":{"0":{"start":{"line":8,"column":0},"end":{"line":8,"column":66}}},"fnMap":{},"branchMap":{},"s":{"0":0},"f":{},"b":{},"hash":"92d02fd77f43454ae3ca44d2f96cebecc61ed921"}
,"/home/ahmed/lighthouse/scheduler/src/components/Application.js": {"path":"/home/ahmed/lighthouse/scheduler/src/components/Application.js","statementMap":{"0":{"start":{"line":10,"column":59},"end":{"line":10,"column":79}},"1":{"start":{"line":12,"column":28},"end":{"line":12,"column":67}},"2":{"start":{"line":13,"column":28},"end":{"line":13,"column":67}},"3":{"start":{"line":16,"column":23},"end":{"line":29,"column":4}},"4":{"start":{"line":17,"column":22},"end":{"line":17,"column":64}},"5":{"start":{"line":19,"column":4},"end":{"line":28,"column":6}},"6":{"start":{"line":31,"column":2},"end":{"line":58,"column":4}}},"fnMap":{"0":{"name":"Application","decl":{"start":{"line":9,"column":24},"end":{"line":9,"column":35}},"loc":{"start":{"line":9,"column":43},"end":{"line":59,"column":1}},"line":9},"1":{"name":"(anonymous_1)","decl":{"start":{"line":16,"column":45},"end":{"line":16,"column":46}},"loc":{"start":{"line":16,"column":60},"end":{"line":29,"column":3}},"line":16}},"branchMap":{},"s":{"0":1,"1":1,"2":1,"3":1,"4":0,"5":0,"6":1},"f":{"0":1,"1":0},"b":{},"_coverageSchema":"43e27e138ebf9cfc5966b082cf9a028302ed4184","hash":"2b3244ec38909c8e13d83c4157f8f7c0019ec4d2"}
,"/home/ahmed/lighthouse/scheduler/src/components/Button.js": {"path":"/home/ahmed/lighthouse/scheduler/src/components/Button.js","statementMap":{"0":{"start":{"line":8,"column":23},"end":{"line":11,"column":5}},"1":{"start":{"line":13,"column":3},"end":{"line":21,"column":5}}},"fnMap":{"0":{"name":"Button","decl":{"start":{"line":6,"column":24},"end":{"line":6,"column":30}},"loc":{"start":{"line":6,"column":38},"end":{"line":22,"column":1}},"line":6}},"branchMap":{},"s":{"0":29,"1":29},"f":{"0":29},"b":{},"_coverageSchema":"43e27e138ebf9cfc5966b082cf9a028302ed4184","hash":"81437c365a602078da70fd64d68ffc1cfac2d52f"}
,"/home/ahmed/lighthouse/scheduler/src/components/DayList.js": {"path":"/home/ahmed/lighthouse/scheduler/src/components/DayList.js","statementMap":{"0":{"start":{"line":5,"column":15},"end":{"line":13,"column":4}},"1":{"start":{"line":6,"column":4},"end":{"line":12,"column":6}},"2":{"start":{"line":15,"column":2},"end":{"line":17,"column":4}}},"fnMap":{"0":{"name":"DayList","decl":{"start":{"line":4,"column":24},"end":{"line":4,"column":31}},"loc":{"start":{"line":4,"column":39},"end":{"line":18,"column":1}},"line":4},"1":{"name":"(anonymous_1)","decl":{"start":{"line":5,"column":30},"end":{"line":5,"column":31}},"loc":{"start":{"line":5,"column":37},"end":{"line":13,"column":3}},"line":5}},"branchMap":{},"s":{"0":1,"1":0,"2":1},"f":{"0":1,"1":0},"b":{},"_coverageSchema":"43e27e138ebf9cfc5966b082cf9a028302ed4184","hash":"e843dbd9a96dafb8429efb1c321b123c283302ad"}
,"/home/ahmed/lighthouse/scheduler/src/components/DayListItem.js": {"path":"/home/ahmed/lighthouse/scheduler/src/components/DayListItem.js","statementMap":{"0":{"start":{"line":7,"column":23},"end":{"line":10,"column":4}},"1":{"start":{"line":13,"column":14},"end":{"line":13,"column":16}},"2":{"start":{"line":15,"column":4},"end":{"line":19,"column":5}},"3":{"start":{"line":16,"column":6},"end":{"line":16,"column":111}},"4":{"start":{"line":18,"column":6},"end":{"line":18,"column":33}},"5":{"start":{"line":21,"column":4},"end":{"line":21,"column":15}},"6":{"start":{"line":24,"column":2},"end":{"line":32,"column":4}},"7":{"start":{"line":27,"column":21},"end":{"line":27,"column":45}}},"fnMap":{"0":{"name":"DayListItem","decl":{"start":{"line":6,"column":24},"end":{"line":6,"column":35}},"loc":{"start":{"line":6,"column":43},"end":{"line":33,"column":1}},"line":6},"1":{"name":"formatSpots","decl":{"start":{"line":12,"column":11},"end":{"line":12,"column":22}},"loc":{"start":{"line":12,"column":24},"end":{"line":22,"column":3}},"line":12},"2":{"name":"(anonymous_2)","decl":{"start":{"line":27,"column":15},"end":{"line":27,"column":16}},"loc":{"start":{"line":27,"column":21},"end":{"line":27,"column":45}},"line":27}},"branchMap":{"0":{"loc":{"start":{"line":15,"column":4},"end":{"line":19,"column":5}},"type":"if","locations":[{"start":{"line":15,"column":4},"end":{"line":19,"column":5}},{"start":{"line":15,"column":4},"end":{"line":19,"column":5}}],"line":15},"1":{"loc":{"start":{"line":16,"column":6},"end":{"line":16,"column":110}},"type":"cond-expr","locations":[{"start":{"line":16,"column":29},"end":{"line":16,"column":66}},{"start":{"line":16,"column":71},"end":{"line":16,"column":109}}],"line":16}},"s":{"0":4,"1":4,"2":4,"3":2,"4":2,"5":4,"6":4,"7":0},"f":{"0":4,"1":4,"2":0},"b":{"0":[2,2],"1":[1,1]},"_coverageSchema":"43e27e138ebf9cfc5966b082cf9a028302ed4184","hash":"8015df42b0c0c40e0c1e90e25a6e2570324665fc"}
,"/home/ahmed/lighthouse/scheduler/src/components/InterviewerList.js": {"path":"/home/ahmed/lighthouse/scheduler/src/components/InterviewerList.js","statementMap":{"0":{"start":{"line":8,"column":23},"end":{"line":16,"column":4}},"1":{"start":{"line":9,"column":4},"end":{"line":15,"column":6}},"2":{"start":{"line":14,"column":31},"end":{"line":14,"column":67}},"3":{"start":{"line":17,"column":2},"end":{"line":22,"column":4}},"4":{"start":{"line":25,"column":0},"end":{"line":27,"column":2}}},"fnMap":{"0":{"name":"InterviewerList","decl":{"start":{"line":7,"column":9},"end":{"line":7,"column":24}},"loc":{"start":{"line":7,"column":32},"end":{"line":23,"column":1}},"line":7},"1":{"name":"(anonymous_1)","decl":{"start":{"line":8,"column":46},"end":{"line":8,"column":47}},"loc":{"start":{"line":8,"column":61},"end":{"line":16,"column":3}},"line":8},"2":{"name":"(anonymous_2)","decl":{"start":{"line":14,"column":22},"end":{"line":14,"column":23}},"loc":{"start":{"line":14,"column":31},"end":{"line":14,"column":67}},"line":14}},"branchMap":{},"s":{"0":11,"1":11,"2":0,"3":11,"4":3},"f":{"0":11,"1":11,"2":0},"b":{},"_coverageSchema":"43e27e138ebf9cfc5966b082cf9a028302ed4184","hash":"de56dc03e8a9357e250207ae8c09cd751444ea60"}
,"/home/ahmed/lighthouse/scheduler/src/components/InterviewerListItem.js": {"path":"/home/ahmed/lighthouse/scheduler/src/components/InterviewerListItem.js","statementMap":{"0":{"start":{"line":7,"column":20},"end":{"line":9,"column":4}},"1":{"start":{"line":11,"column":2},"end":{"line":23,"column":4}}},"fnMap":{"0":{"name":"InterviewerListItem","decl":{"start":{"line":6,"column":24},"end":{"line":6,"column":43}},"loc":{"start":{"line":6,"column":50},"end":{"line":24,"column":1}},"line":6}},"branchMap":{"0":{"loc":{"start":{"line":21,"column":7},"end":{"line":21,"column":35}},"type":"binary-expr","locations":[{"start":{"line":21,"column":7},"end":{"line":21,"column":21}},{"start":{"line":21,"column":25},"end":{"line":21,"column":35}}],"line":21}},"s":{"0":11,"1":11},"f":{"0":11},"b":{"0":[11,0]},"_coverageSchema":"43e27e138ebf9cfc5966b082cf9a028302ed4184","hash":"1e1699c129b5ea916ab7ebaee174dadbef293738"}
,"/home/ahmed/lighthouse/scheduler/src/components/Appointment/Confirm.js": {"path":"/home/ahmed/lighthouse/scheduler/src/components/Appointment/Confirm.js","statementMap":{"0":{"start":{"line":5,"column":2},"end":{"line":13,"column":4}}},"fnMap":{"0":{"name":"Confirm","decl":{"start":{"line":4,"column":24},"end":{"line":4,"column":31}},"loc":{"start":{"line":4,"column":39},"end":{"line":14,"column":1}},"line":4}},"branchMap":{},"s":{"0":0},"f":{"0":0},"b":{},"_coverageSchema":"43e27e138ebf9cfc5966b082cf9a028302ed4184","hash":"9117ce9253747c64560f385845244065b4c3a964"}
,"/home/ahmed/lighthouse/scheduler/src/components/Appointment/Empty.js": {"path":"/home/ahmed/lighthouse/scheduler/src/components/Appointment/Empty.js","statementMap":{"0":{"start":{"line":4,"column":2},"end":{"line":13,"column":4}}},"fnMap":{"0":{"name":"Empty","decl":{"start":{"line":3,"column":24},"end":{"line":3,"column":29}},"loc":{"start":{"line":3,"column":37},"end":{"line":14,"column":1}},"line":3}},"branchMap":{},"s":{"0":2},"f":{"0":2},"b":{},"_coverageSchema":"43e27e138ebf9cfc5966b082cf9a028302ed4184","hash":"240aaab61ff8029859e8b70cdd2b1d97b9a2a719"}
,"/home/ahmed/lighthouse/scheduler/src/components/Appointment/Error.js": {"path":"/home/ahmed/lighthouse/scheduler/src/components/Appointment/Error.js","statementMap":{"0":{"start":{"line":4,"column":2},"end":{"line":17,"column":4}}},"fnMap":{"0":{"name":"Error","decl":{"start":{"line":3,"column":24},"end":{"line":3,"column":29}},"loc":{"start":{"line":3,"column":37},"end":{"line":18,"column":1}},"line":3}},"branchMap":{},"s":{"0":0},"f":{"0":0},"b":{},"_coverageSchema":"43e27e138ebf9cfc5966b082cf9a028302ed4184","hash":"88f758ad39c030f6e0bfc722011bac656d763754"}
,"/home/ahmed/lighthouse/scheduler/src/components/Appointment/Form.js": {"path":"/home/ahmed/lighthouse/scheduler/src/components/Appointment/Form.js","statementMap":{"0":{"start":{"line":6,"column":26},"end":{"line":6,"column":52}},"1":{"start":{"line":7,"column":40},"end":{"line":7,"column":75}},"2":{"start":{"line":8,"column":28},"end":{"line":8,"column":40}},"3":{"start":{"line":10,"column":16},"end":{"line":13,"column":3}},"4":{"start":{"line":11,"column":4},"end":{"line":11,"column":16}},"5":{"start":{"line":12,"column":4},"end":{"line":12,"column":25}},"6":{"start":{"line":15,"column":17},"end":{"line":18,"column":3}},"7":{"start":{"line":16,"column":4},"end":{"line":16,"column":12}},"8":{"start":{"line":17,"column":4},"end":{"line":17,"column":21}},"9":{"start":{"line":21,"column":4},"end":{"line":24,"column":5}},"10":{"start":{"line":22,"column":6},"end":{"line":22,"column":47}},"11":{"start":{"line":23,"column":6},"end":{"line":23,"column":13}},"12":{"start":{"line":26,"column":4},"end":{"line":26,"column":17}},"13":{"start":{"line":27,"column":4},"end":{"line":27,"column":36}},"14":{"start":{"line":30,"column":2},"end":{"line":54,"column":4}},"15":{"start":{"line":33,"column":52},"end":{"line":33,"column":74}},"16":{"start":{"line":40,"column":31},"end":{"line":40,"column":58}},"17":{"start":{"line":49,"column":43},"end":{"line":49,"column":51}}},"fnMap":{"0":{"name":"Form","decl":{"start":{"line":5,"column":24},"end":{"line":5,"column":28}},"loc":{"start":{"line":5,"column":36},"end":{"line":55,"column":1}},"line":5},"1":{"name":"(anonymous_1)","decl":{"start":{"line":10,"column":16},"end":{"line":10,"column":17}},"loc":{"start":{"line":10,"column":22},"end":{"line":13,"column":3}},"line":10},"2":{"name":"(anonymous_2)","decl":{"start":{"line":15,"column":17},"end":{"line":15,"column":18}},"loc":{"start":{"line":15,"column":23},"end":{"line":18,"column":3}},"line":15},"3":{"name":"validate","decl":{"start":{"line":20,"column":11},"end":{"line":20,"column":19}},"loc":{"start":{"line":20,"column":22},"end":{"line":28,"column":3}},"line":20},"4":{"name":"(anonymous_4)","decl":{"start":{"line":33,"column":43},"end":{"line":33,"column":44}},"loc":{"start":{"line":33,"column":52},"end":{"line":33,"column":74}},"line":33},"5":{"name":"(anonymous_5)","decl":{"start":{"line":40,"column":22},"end":{"line":40,"column":23}},"loc":{"start":{"line":40,"column":31},"end":{"line":40,"column":58}},"line":40},"6":{"name":"(anonymous_6)","decl":{"start":{"line":49,"column":34},"end":{"line":49,"column":35}},"loc":{"start":{"line":49,"column":43},"end":{"line":49,"column":51}},"line":49}},"branchMap":{"0":{"loc":{"start":{"line":6,"column":35},"end":{"line":6,"column":51}},"type":"binary-expr","locations":[{"start":{"line":6,"column":35},"end":{"line":6,"column":45}},{"start":{"line":6,"column":49},"end":{"line":6,"column":51}}],"line":6},"1":{"loc":{"start":{"line":7,"column":49},"end":{"line":7,"column":74}},"type":"binary-expr","locations":[{"start":{"line":7,"column":49},"end":{"line":7,"column":66}},{"start":{"line":7,"column":70},"end":{"line":7,"column":74}}],"line":7},"2":{"loc":{"start":{"line":21,"column":4},"end":{"line":24,"column":5}},"type":"if","locations":[{"start":{"line":21,"column":4},"end":{"line":24,"column":5}},{"start":{"line":21,"column":4},"end":{"line":24,"column":5}}],"line":21}},"s":{"0":11,"1":11,"2":11,"3":11,"4":1,"5":1,"6":11,"7":1,"8":1,"9":4,"10":2,"11":2,"12":2,"13":2,"14":11,"15":0,"16":2,"17":1},"f":{"0":11,"1":1,"2":1,"3":4,"4":0,"5":2,"6":1},"b":{"0":[11,7],"1":[11,11],"2":[2,2]},"_coverageSchema":"43e27e138ebf9cfc5966b082cf9a028302ed4184","hash":"b5b6866e35a6c3f747c46c296922647ee7838aa4"}
,"/home/ahmed/lighthouse/scheduler/src/components/Appointment/Header.js": {"path":"/home/ahmed/lighthouse/scheduler/src/components/Appointment/Header.js","statementMap":{"0":{"start":{"line":4,"column":2},"end":{"line":9,"column":4}}},"fnMap":{"0":{"name":"Header","decl":{"start":{"line":3,"column":24},"end":{"line":3,"column":30}},"loc":{"start":{"line":3,"column":38},"end":{"line":10,"column":1}},"line":3}},"branchMap":{},"s":{"0":2},"f":{"0":2},"b":{},"_coverageSchema":"43e27e138ebf9cfc5966b082cf9a028302ed4184","hash":"7c53ecdd1189f5543006c3c4ce6402858d55f032"}
,"/home/ahmed/lighthouse/scheduler/src/components/Appointment/Show.js": {"path":"/home/ahmed/lighthouse/scheduler/src/components/Appointment/Show.js","statementMap":{"0":{"start":{"line":5,"column":2},"end":{"line":31,"column":4}}},"fnMap":{"0":{"name":"Show","decl":{"start":{"line":3,"column":24},"end":{"line":3,"column":28}},"loc":{"start":{"line":3,"column":36},"end":{"line":32,"column":1}},"line":3}},"branchMap":{},"s":{"0":0},"f":{"0":0},"b":{},"_coverageSchema":"43e27e138ebf9cfc5966b082cf9a028302ed4184","hash":"2ef213c1d29a1818b50bc3518f9c406149de9fb8"}
,"/home/ahmed/lighthouse/scheduler/src/components/Appointment/Status.js": {"path":"/home/ahmed/lighthouse/scheduler/src/components/Appointment/Status.js","statementMap":{"0":{"start":{"line":4,"column":2},"end":{"line":13,"column":4}}},"fnMap":{"0":{"name":"Status","decl":{"start":{"line":3,"column":24},"end":{"line":3,"column":30}},"loc":{"start":{"line":3,"column":38},"end":{"line":14,"column":1}},"line":3}},"branchMap":{},"s":{"0":0},"f":{"0":0},"b":{},"_coverageSchema":"43e27e138ebf9cfc5966b082cf9a028302ed4184","hash":"8be7ba6e11de1e9f7327e25017af425c3268be07"}
,"/home/ahmed/lighthouse/scheduler/src/components/Appointment/index.js": {"path":"/home/ahmed/lighthouse/scheduler/src/components/Appointment/index.js","statementMap":{"0":{"start":{"line":16,"column":16},"end":{"line":16,"column":23}},"1":{"start":{"line":17,"column":15},"end":{"line":17,"column":21}},"2":{"start":{"line":18,"column":17},"end":{"line":18,"column":25}},"3":{"start":{"line":19,"column":17},"end":{"line":19,"column":25}},"4":{"start":{"line":20,"column":19},"end":{"line":20,"column":29}},"5":{"start":{"line":21,"column":18},"end":{"line":21,"column":27}},"6":{"start":{"line":22,"column":15},"end":{"line":22,"column":21}},"7":{"start":{"line":23,"column":21},"end":{"line":23,"column":33}},"8":{"start":{"line":24,"column":23},"end":{"line":24,"column":37}},"9":{"start":{"line":26,"column":37},"end":{"line":28,"column":3}},"10":{"start":{"line":33,"column":22},"end":{"line":36,"column":5}},"11":{"start":{"line":38,"column":4},"end":{"line":38,"column":23}},"12":{"start":{"line":39,"column":4},"end":{"line":41,"column":49}},"13":{"start":{"line":40,"column":18},"end":{"line":40,"column":34}},"14":{"start":{"line":41,"column":19},"end":{"line":41,"column":47}},"15":{"start":{"line":47,"column":4},"end":{"line":47,"column":31}},"16":{"start":{"line":48,"column":4},"end":{"line":50,"column":51}},"17":{"start":{"line":49,"column":18},"end":{"line":49,"column":35}},"18":{"start":{"line":50,"column":19},"end":{"line":50,"column":49}},"19":{"start":{"line":53,"column":2},"end":{"line":87,"column":4}},"20":{"start":{"line":60,"column":45},"end":{"line":60,"column":63}},"21":{"start":{"line":65,"column":26},"end":{"line":65,"column":45}},"22":{"start":{"line":66,"column":24},"end":{"line":66,"column":40}}},"fnMap":{"0":{"name":"Appointment","decl":{"start":{"line":14,"column":24},"end":{"line":14,"column":35}},"loc":{"start":{"line":14,"column":43},"end":{"line":88,"column":1}},"line":14},"1":{"name":"save","decl":{"start":{"line":31,"column":11},"end":{"line":31,"column":15}},"loc":{"start":{"line":31,"column":35},"end":{"line":42,"column":3}},"line":31},"2":{"name":"(anonymous_2)","decl":{"start":{"line":40,"column":12},"end":{"line":40,"column":13}},"loc":{"start":{"line":40,"column":18},"end":{"line":40,"column":34}},"line":40},"3":{"name":"(anonymous_3)","decl":{"start":{"line":41,"column":13},"end":{"line":41,"column":14}},"loc":{"start":{"line":41,"column":19},"end":{"line":41,"column":47}},"line":41},"4":{"name":"remove","decl":{"start":{"line":45,"column":11},"end":{"line":45,"column":17}},"loc":{"start":{"line":45,"column":20},"end":{"line":51,"column":3}},"line":45},"5":{"name":"(anonymous_5)","decl":{"start":{"line":49,"column":12},"end":{"line":49,"column":13}},"loc":{"start":{"line":49,"column":18},"end":{"line":49,"column":35}},"line":49},"6":{"name":"(anonymous_6)","decl":{"start":{"line":50,"column":13},"end":{"line":50,"column":14}},"loc":{"start":{"line":50,"column":19},"end":{"line":50,"column":49}},"line":50},"7":{"name":"(anonymous_7)","decl":{"start":{"line":60,"column":39},"end":{"line":60,"column":40}},"loc":{"start":{"line":60,"column":45},"end":{"line":60,"column":63}},"line":60},"8":{"name":"(anonymous_8)","decl":{"start":{"line":65,"column":20},"end":{"line":65,"column":21}},"loc":{"start":{"line":65,"column":26},"end":{"line":65,"column":45}},"line":65},"9":{"name":"(anonymous_9)","decl":{"start":{"line":66,"column":18},"end":{"line":66,"column":19}},"loc":{"start":{"line":66,"column":24},"end":{"line":66,"column":40}},"line":66}},"branchMap":{"0":{"loc":{"start":{"line":27,"column":4},"end":{"line":27,"column":34}},"type":"cond-expr","locations":[{"start":{"line":27,"column":22},"end":{"line":27,"column":26}},{"start":{"line":27,"column":29},"end":{"line":27,"column":34}}],"line":27},"1":{"loc":{"start":{"line":56,"column":7},"end":{"line":56,"column":53}},"type":"binary-expr","locations":[{"start":{"line":56,"column":7},"end":{"line":56,"column":22}},{"start":{"line":56,"column":26},"end":{"line":56,"column":53}}],"line":56},"2":{"loc":{"start":{"line":57,"column":7},"end":{"line":57,"column":90}},"type":"binary-expr","locations":[{"start":{"line":57,"column":7},"end":{"line":57,"column":26}},{"start":{"line":57,"column":30},"end":{"line":57,"column":90}}],"line":57},"3":{"loc":{"start":{"line":58,"column":7},"end":{"line":58,"column":94}},"type":"binary-expr","locations":[{"start":{"line":58,"column":7},"end":{"line":58,"column":28}},{"start":{"line":58,"column":32},"end":{"line":58,"column":94}}],"line":58},"4":{"loc":{"start":{"line":59,"column":7},"end":{"line":59,"column":57}},"type":"binary-expr","locations":[{"start":{"line":59,"column":7},"end":{"line":59,"column":24}},{"start":{"line":59,"column":28},"end":{"line":59,"column":57}}],"line":59},"5":{"loc":{"start":{"line":60,"column":7},"end":{"line":60,"column":67}},"type":"binary-expr","locations":[{"start":{"line":60,"column":7},"end":{"line":60,"column":21}},{"start":{"line":60,"column":25},"end":{"line":60,"column":67}}],"line":60},"6":{"loc":{"start":{"line":61,"column":7},"end":{"line":68,"column":7}},"type":"binary-expr","locations":[{"start":{"line":61,"column":7},"end":{"line":61,"column":20}},{"start":{"line":62,"column":8},"end":{"line":67,"column":10}}],"line":61},"7":{"loc":{"start":{"line":69,"column":7},"end":{"line":69,"column":135}},"type":"binary-expr","locations":[{"start":{"line":69,"column":7},"end":{"line":69,"column":22}},{"start":{"line":69,"column":26},"end":{"line":69,"column":135}}],"line":69},"8":{"loc":{"start":{"line":70,"column":7},"end":{"line":78,"column":7}},"type":"binary-expr","locations":[{"start":{"line":70,"column":7},"end":{"line":70,"column":20}},{"start":{"line":71,"column":8},"end":{"line":77,"column":10}}],"line":70},"9":{"loc":{"start":{"line":79,"column":7},"end":{"line":85,"column":7}},"type":"binary-expr","locations":[{"start":{"line":79,"column":7},"end":{"line":79,"column":23}},{"start":{"line":80,"column":8},"end":{"line":84,"column":10}}],"line":79}},"s":{"0":2,"1":2,"2":2,"3":2,"4":2,"5":2,"6":2,"7":2,"8":2,"9":2,"10":0,"11":0,"12":0,"13":0,"14":0,"15":0,"16":0,"17":0,"18":0,"19":2,"20":0,"21":0,"22":0},"f":{"0":2,"1":0,"2":0,"3":0,"4":0,"5":0,"6":0,"7":0,"8":0,"9":0},"b":{"0":[0,2],"1":[2,0],"2":[2,0],"3":[2,0],"4":[2,0],"5":[2,2],"6":[2,0],"7":[2,0],"8":[2,0],"9":[2,0]},"_coverageSchema":"43e27e138ebf9cfc5966b082cf9a028302ed4184","hash":"94cfc9bcbb1b4a6e35bee8b99789fda612a285ac"}
,"/home/ahmed/lighthouse/scheduler/src/helpers/selectors.js": {"path":"/home/ahmed/lighthouse/scheduler/src/helpers/selectors.js","statementMap":{"0":{"start":{"line":2,"column":23},"end":{"line":2,"column":65}},"1":{"start":{"line":2,"column":48},"end":{"line":2,"column":64}},"2":{"start":{"line":3,"column":14},"end":{"line":3,"column":16}},"3":{"start":{"line":5,"column":2},"end":{"line":9,"column":5}},"4":{"start":{"line":6,"column":4},"end":{"line":8,"column":7}},"5":{"start":{"line":7,"column":6},"end":{"line":7,"column":48}},"6":{"start":{"line":11,"column":2},"end":{"line":11,"column":13}},"7":{"start":{"line":15,"column":23},"end":{"line":15,"column":65}},"8":{"start":{"line":15,"column":48},"end":{"line":15,"column":64}},"9":{"start":{"line":16,"column":14},"end":{"line":16,"column":16}},"10":{"start":{"line":18,"column":2},"end":{"line":22,"column":5}},"11":{"start":{"line":19,"column":4},"end":{"line":21,"column":7}},"12":{"start":{"line":20,"column":6},"end":{"line":20,"column":48}},"13":{"start":{"line":24,"column":2},"end":{"line":24,"column":13}},"14":{"start":{"line":28,"column":14},"end":{"line":28,"column":16}},"15":{"start":{"line":30,"column":2},"end":{"line":37,"column":3}},"16":{"start":{"line":31,"column":4},"end":{"line":31,"column":40}},"17":{"start":{"line":31,"column":28},"end":{"line":31,"column":40}},"18":{"start":{"line":33,"column":4},"end":{"line":36,"column":5}},"19":{"start":{"line":34,"column":6},"end":{"line":34,"column":41}},"20":{"start":{"line":35,"column":6},"end":{"line":35,"column":51}},"21":{"start":{"line":39,"column":2},"end":{"line":39,"column":13}}},"fnMap":{"0":{"name":"getAppointmentsForDay","decl":{"start":{"line":1,"column":16},"end":{"line":1,"column":37}},"loc":{"start":{"line":1,"column":50},"end":{"line":12,"column":1}},"line":1},"1":{"name":"(anonymous_1)","decl":{"start":{"line":2,"column":41},"end":{"line":2,"column":42}},"loc":{"start":{"line":2,"column":48},"end":{"line":2,"column":64}},"line":2},"2":{"name":"(anonymous_2)","decl":{"start":{"line":5,"column":19},"end":{"line":5,"column":20}},"loc":{"start":{"line":5,"column":26},"end":{"line":9,"column":3}},"line":5},"3":{"name":"(anonymous_3)","decl":{"start":{"line":6,"column":25},"end":{"line":6,"column":26}},"loc":{"start":{"line":6,"column":40},"end":{"line":8,"column":5}},"line":6},"4":{"name":"getInterviewersForDay","decl":{"start":{"line":14,"column":16},"end":{"line":14,"column":37}},"loc":{"start":{"line":14,"column":50},"end":{"line":25,"column":1}},"line":14},"5":{"name":"(anonymous_5)","decl":{"start":{"line":15,"column":41},"end":{"line":15,"column":42}},"loc":{"start":{"line":15,"column":48},"end":{"line":15,"column":64}},"line":15},"6":{"name":"(anonymous_6)","decl":{"start":{"line":18,"column":19},"end":{"line":18,"column":20}},"loc":{"start":{"line":18,"column":26},"end":{"line":22,"column":3}},"line":18},"7":{"name":"(anonymous_7)","decl":{"start":{"line":19,"column":25},"end":{"line":19,"column":26}},"loc":{"start":{"line":19,"column":40},"end":{"line":21,"column":5}},"line":19},"8":{"name":"getInterview","decl":{"start":{"line":27,"column":16},"end":{"line":27,"column":28}},"loc":{"start":{"line":27,"column":47},"end":{"line":40,"column":1}},"line":27}},"branchMap":{"0":{"loc":{"start":{"line":31,"column":4},"end":{"line":31,"column":40}},"type":"if","locations":[{"start":{"line":31,"column":4},"end":{"line":31,"column":40}},{"start":{"line":31,"column":4},"end":{"line":31,"column":40}}],"line":31},"1":{"loc":{"start":{"line":33,"column":4},"end":{"line":36,"column":5}},"type":"if","locations":[{"start":{"line":33,"column":4},"end":{"line":36,"column":5}},{"start":{"line":33,"column":4},"end":{"line":36,"column":5}}],"line":33}},"s":{"0":6,"1":8,"2":6,"3":6,"4":3,"5":8,"6":6,"7":6,"8":8,"9":6,"10":6,"11":3,"12":3,"13":6,"14":2,"15":2,"16":3,"17":1,"18":2,"19":1,"20":1,"21":1},"f":{"0":6,"1":8,"2":3,"3":8,"4":6,"5":8,"6":3,"7":3,"8":2},"b":{"0":[1,2],"1":[1,1]},"_coverageSchema":"43e27e138ebf9cfc5966b082cf9a028302ed4184","hash":"8546f90f7173b75e94bb67539030d78034bc6a08"}
,"/home/ahmed/lighthouse/scheduler/src/hooks/useApplicationData.js": {"path":"/home/ahmed/lighthouse/scheduler/src/hooks/useApplicationData.js","statementMap":{"0":{"start":{"line":6,"column":28},"end":{"line":17,"column":4}},"1":{"start":{"line":20,"column":17},"end":{"line":20,"column":49}},"2":{"start":{"line":20,"column":24},"end":{"line":20,"column":49}},"3":{"start":{"line":24,"column":19},"end":{"line":24,"column":61}},"4":{"start":{"line":24,"column":40},"end":{"line":24,"column":60}},"5":{"start":{"line":26,"column":16},"end":{"line":26,"column":17}},"6":{"start":{"line":27,"column":4},"end":{"line":32,"column":5}},"7":{"start":{"line":28,"column":26},"end":{"line":28,"column":42}},"8":{"start":{"line":29,"column":6},"end":{"line":31,"column":7}},"9":{"start":{"line":30,"column":8},"end":{"line":30,"column":16}},"10":{"start":{"line":34,"column":19},"end":{"line":34,"column":36}},"11":{"start":{"line":35,"column":20},"end":{"line":35,"column":73}},"12":{"start":{"line":35,"column":40},"end":{"line":35,"column":72}},"13":{"start":{"line":36,"column":4},"end":{"line":36,"column":19}},"14":{"start":{"line":41,"column":24},"end":{"line":44,"column":5}},"15":{"start":{"line":46,"column":25},"end":{"line":49,"column":5}},"16":{"start":{"line":52,"column":4},"end":{"line":56,"column":9}},"17":{"start":{"line":54,"column":21},"end":{"line":54,"column":53}},"18":{"start":{"line":55,"column":8},"end":{"line":55,"column":49}},"19":{"start":{"line":62,"column":24},"end":{"line":65,"column":5}},"20":{"start":{"line":67,"column":25},"end":{"line":70,"column":5}},"21":{"start":{"line":72,"column":4},"end":{"line":76,"column":8}},"22":{"start":{"line":74,"column":21},"end":{"line":74,"column":53}},"23":{"start":{"line":75,"column":8},"end":{"line":75,"column":49}},"24":{"start":{"line":80,"column":2},"end":{"line":93,"column":9}},"25":{"start":{"line":81,"column":4},"end":{"line":92,"column":6}},"26":{"start":{"line":87,"column":6},"end":{"line":91,"column":10}},"27":{"start":{"line":87,"column":24},"end":{"line":91,"column":7}},"28":{"start":{"line":95,"column":2},"end":{"line":95,"column":58}}},"fnMap":{"0":{"name":"useApplicationData","decl":{"start":{"line":4,"column":24},"end":{"line":4,"column":42}},"loc":{"start":{"line":4,"column":45},"end":{"line":96,"column":1}},"line":4},"1":{"name":"(anonymous_1)","decl":{"start":{"line":20,"column":17},"end":{"line":20,"column":18}},"loc":{"start":{"line":20,"column":24},"end":{"line":20,"column":49}},"line":20},"2":{"name":"updateSpots","decl":{"start":{"line":23,"column":11},"end":{"line":23,"column":22}},"loc":{"start":{"line":23,"column":44},"end":{"line":37,"column":3}},"line":23},"3":{"name":"(anonymous_3)","decl":{"start":{"line":24,"column":35},"end":{"line":24,"column":36}},"loc":{"start":{"line":24,"column":40},"end":{"line":24,"column":60}},"line":24},"4":{"name":"(anonymous_4)","decl":{"start":{"line":35,"column":35},"end":{"line":35,"column":36}},"loc":{"start":{"line":35,"column":40},"end":{"line":35,"column":72}},"line":35},"5":{"name":"bookInterview","decl":{"start":{"line":39,"column":11},"end":{"line":39,"column":24}},"loc":{"start":{"line":39,"column":40},"end":{"line":57,"column":3}},"line":39},"6":{"name":"(anonymous_6)","decl":{"start":{"line":53,"column":12},"end":{"line":53,"column":13}},"loc":{"start":{"line":53,"column":18},"end":{"line":56,"column":7}},"line":53},"7":{"name":"cancelInterview","decl":{"start":{"line":60,"column":11},"end":{"line":60,"column":26}},"loc":{"start":{"line":60,"column":31},"end":{"line":77,"column":3}},"line":60},"8":{"name":"(anonymous_8)","decl":{"start":{"line":73,"column":12},"end":{"line":73,"column":13}},"loc":{"start":{"line":73,"column":18},"end":{"line":76,"column":7}},"line":73},"9":{"name":"(anonymous_9)","decl":{"start":{"line":80,"column":12},"end":{"line":80,"column":13}},"loc":{"start":{"line":80,"column":18},"end":{"line":93,"column":3}},"line":80},"10":{"name":"(anonymous_10)","decl":{"start":{"line":86,"column":10},"end":{"line":86,"column":11}},"loc":{"start":{"line":86,"column":17},"end":{"line":92,"column":5}},"line":86},"11":{"name":"(anonymous_11)","decl":{"start":{"line":87,"column":15},"end":{"line":87,"column":16}},"loc":{"start":{"line":87,"column":24},"end":{"line":91,"column":7}},"line":87}},"branchMap":{"0":{"loc":{"start":{"line":29,"column":6},"end":{"line":31,"column":7}},"type":"if","locations":[{"start":{"line":29,"column":6},"end":{"line":31,"column":7}},{"start":{"line":29,"column":6},"end":{"line":31,"column":7}}],"line":29},"1":{"loc":{"start":{"line":35,"column":40},"end":{"line":35,"column":72}},"type":"cond-expr","locations":[{"start":{"line":35,"column":63},"end":{"line":35,"column":69}},{"start":{"line":35,"column":71},"end":{"line":35,"column":72}}],"line":35}},"s":{"0":1,"1":1,"2":0,"3":0,"4":0,"5":0,"6":0,"7":0,"8":0,"9":0,"10":0,"11":0,"12":0,"13":0,"14":0,"15":0,"16":0,"17":0,"18":0,"19":0,"20":0,"21":0,"22":0,"23":0,"24":1,"25":1,"26":0,"27":0,"28":1},"f":{"0":1,"1":0,"2":0,"3":0,"4":0,"5":0,"6":0,"7":0,"8":0,"9":1,"10":0,"11":0},"b":{"0":[0,0],"1":[0,0]},"_coverageSchema":"43e27e138ebf9cfc5966b082cf9a028302ed4184","hash":"cc72f60b55463a2b8b6020c50eef81356c60e140"}
,"/home/ahmed/lighthouse/scheduler/src/hooks/useVisualMode.js": {"path":"/home/ahmed/lighthouse/scheduler/src/hooks/useVisualMode.js","statementMap":{"0":{"start":{"line":4,"column":26},"end":{"line":4,"column":43}},"1":{"start":{"line":5,"column":32},"end":{"line":5,"column":51}},"2":{"start":{"line":7,"column":21},"end":{"line":10,"column":3}},"3":{"start":{"line":8,"column":4},"end":{"line":8,"column":108}},"4":{"start":{"line":8,"column":34},"end":{"line":8,"column":52}},"5":{"start":{"line":8,"column":75},"end":{"line":8,"column":106}},"6":{"start":{"line":9,"column":4},"end":{"line":9,"column":21}},"7":{"start":{"line":12,"column":15},"end":{"line":17,"column":3}},"8":{"start":{"line":13,"column":4},"end":{"line":16,"column":5}},"9":{"start":{"line":14,"column":6},"end":{"line":14,"column":43}},"10":{"start":{"line":15,"column":6},"end":{"line":15,"column":39}},"11":{"start":{"line":19,"column":2},"end":{"line":19,"column":34}}},"fnMap":{"0":{"name":"useVisualMode","decl":{"start":{"line":3,"column":24},"end":{"line":3,"column":37}},"loc":{"start":{"line":3,"column":47},"end":{"line":20,"column":1}},"line":3},"1":{"name":"(anonymous_1)","decl":{"start":{"line":7,"column":21},"end":{"line":7,"column":22}},"loc":{"start":{"line":7,"column":51},"end":{"line":10,"column":3}},"line":7},"2":{"name":"(anonymous_2)","decl":{"start":{"line":8,"column":26},"end":{"line":8,"column":27}},"loc":{"start":{"line":8,"column":34},"end":{"line":8,"column":52}},"line":8},"3":{"name":"(anonymous_3)","decl":{"start":{"line":8,"column":67},"end":{"line":8,"column":68}},"loc":{"start":{"line":8,"column":75},"end":{"line":8,"column":106}},"line":8},"4":{"name":"(anonymous_4)","decl":{"start":{"line":12,"column":15},"end":{"line":12,"column":16}},"loc":{"start":{"line":12,"column":21},"end":{"line":17,"column":3}},"line":12}},"branchMap":{"0":{"loc":{"start":{"line":7,"column":31},"end":{"line":7,"column":46}},"type":"default-arg","locations":[{"start":{"line":7,"column":41},"end":{"line":7,"column":46}}],"line":7},"1":{"loc":{"start":{"line":8,"column":4},"end":{"line":8,"column":107}},"type":"cond-expr","locations":[{"start":{"line":8,"column":15},"end":{"line":8,"column":53}},{"start":{"line":8,"column":56},"end":{"line":8,"column":107}}],"line":8},"2":{"loc":{"start":{"line":13,"column":4},"end":{"line":16,"column":5}},"type":"if","locations":[{"start":{"line":13,"column":4},"end":{"line":16,"column":5}},{"start":{"line":13,"column":4},"end":{"line":16,"column":5}}],"line":13}},"s":{"0":15,"1":15,"2":15,"3":5,"4":4,"5":1,"6":5,"7":15,"8":4,"9":3,"10":3,"11":15},"f":{"0":15,"1":5,"2":4,"3":1,"4":4},"b":{"0":[4],"1":[4,1],"2":[3,1]},"_coverageSchema":"43e27e138ebf9cfc5966b082cf9a028302ed4184","hash":"6552cd9f5cfd627f657be7dd20621d86ebb687a4"}
}
