TN:
SF:/home/ahmed/lighthouse/scheduler/src/index.js
FNF:0
FNH:0
DA:8,0
LF:1
LH:0
BRF:0
BRH:0
end_of_record
TN:
SF:/home/ahmed/lighthouse/scheduler/src/components/Application.js
FN:9,Application
FN:16,(anonymous_1)
FNF:2
FNH:1
FNDA:1,Application
FNDA:0,(anonymous_1)
DA:10,1
DA:12,1
DA:13,1
DA:16,1
DA:17,0
DA:19,0
DA:31,1
LF:7
LH:5
BRF:0
BRH:0
end_of_record
TN:
SF:/home/ahmed/lighthouse/scheduler/src/components/Button.js
FN:6,Button
FNF:1
FNH:1
FNDA:29,Button
DA:8,29
DA:13,29
LF:2
LH:2
BRF:0
BRH:0
end_of_record
TN:
SF:/home/ahmed/lighthouse/scheduler/src/components/DayList.js
FN:4,DayList
FN:5,(anonymous_1)
FNF:2
FNH:1
FNDA:1,DayList
FNDA:0,(anonymous_1)
DA:5,1
DA:6,0
DA:15,1
LF:3
LH:2
BRF:0
BRH:0
end_of_record
TN:
SF:/home/ahmed/lighthouse/scheduler/src/components/DayListItem.js
FN:6,DayListItem
FN:12,formatSpots
FN:27,(anonymous_2)
FNF:3
FNH:2
FNDA:4,DayListItem
FNDA:4,formatSpots
FNDA:0,(anonymous_2)
DA:7,4
DA:13,4
DA:15,4
DA:16,2
DA:18,2
DA:21,4
DA:24,4
DA:27,0
LF:8
LH:7
BRDA:15,0,0,2
BRDA:15,0,1,2
BRDA:16,1,0,1
BRDA:16,1,1,1
BRF:4
BRH:4
end_of_record
TN:
SF:/home/ahmed/lighthouse/scheduler/src/components/InterviewerList.js
FN:7,InterviewerList
FN:8,(anonymous_1)
FN:14,(anonymous_2)
FNF:3
FNH:2
FNDA:11,InterviewerList
FNDA:11,(anonymous_1)
FNDA:0,(anonymous_2)
DA:8,11
DA:9,11
DA:14,0
DA:17,11
DA:25,3
LF:5
LH:4
BRF:0
BRH:0
end_of_record
TN:
SF:/home/ahmed/lighthouse/scheduler/src/components/InterviewerListItem.js
FN:6,InterviewerListItem
FNF:1
FNH:1
FNDA:11,InterviewerListItem
DA:7,11
DA:11,11
LF:2
LH:2
BRDA:21,0,0,11
BRDA:21,0,1,0
BRF:2
BRH:1
end_of_record
TN:
SF:/home/ahmed/lighthouse/scheduler/src/components/Appointment/Confirm.js
FN:4,Confirm
FNF:1
FNH:0
FNDA:0,Confirm
DA:5,0
LF:1
LH:0
BRF:0
BRH:0
end_of_record
TN:
SF:/home/ahmed/lighthouse/scheduler/src/components/Appointment/Empty.js
FN:3,Empty
FNF:1
FNH:1
FNDA:2,Empty
DA:4,2
LF:1
LH:1
BRF:0
BRH:0
end_of_record
TN:
SF:/home/ahmed/lighthouse/scheduler/src/components/Appointment/Error.js
FN:3,Error
FNF:1
FNH:0
FNDA:0,Error
DA:4,0
LF:1
LH:0
BRF:0
BRH:0
end_of_record
TN:
SF:/home/ahmed/lighthouse/scheduler/src/components/Appointment/Form.js
FN:5,Form
FN:10,(anonymous_1)
FN:15,(anonymous_2)
FN:20,validate
FN:33,(anonymous_4)
FN:40,(anonymous_5)
FN:49,(anonymous_6)
FNF:7
FNH:6
FNDA:11,Form
FNDA:1,(anonymous_1)
FNDA:1,(anonymous_2)
FNDA:4,validate
FNDA:0,(anonymous_4)
FNDA:2,(anonymous_5)
FNDA:1,(anonymous_6)
DA:6,11
DA:7,11
DA:8,11
DA:10,11
DA:11,1
DA:12,1
DA:15,11
DA:16,1
DA:17,1
DA:21,4
DA:22,2
DA:23,2
DA:26,2
DA:27,2
DA:30,11
DA:33,0
DA:40,2
DA:49,1
LF:18
LH:17
BRDA:6,0,0,11
BRDA:6,0,1,7
BRDA:7,1,0,11
BRDA:7,1,1,11
BRDA:21,2,0,2
BRDA:21,2,1,2
BRF:6
BRH:6
end_of_record
TN:
SF:/home/ahmed/lighthouse/scheduler/src/components/Appointment/Header.js
FN:3,Header
FNF:1
FNH:1
FNDA:2,Header
DA:4,2
LF:1
LH:1
BRF:0
BRH:0
end_of_record
TN:
SF:/home/ahmed/lighthouse/scheduler/src/components/Appointment/Show.js
FN:3,Show
FNF:1
FNH:0
FNDA:0,Show
DA:5,0
LF:1
LH:0
BRF:0
BRH:0
end_of_record
TN:
SF:/home/ahmed/lighthouse/scheduler/src/components/Appointment/Status.js
FN:3,Status
FNF:1
FNH:0
FNDA:0,Status
DA:4,0
LF:1
LH:0
BRF:0
BRH:0
end_of_record
TN:
SF:/home/ahmed/lighthouse/scheduler/src/components/Appointment/index.js
FN:14,Appointment
FN:31,save
FN:40,(anonymous_2)
FN:41,(anonymous_3)
FN:45,remove
FN:49,(anonymous_5)
FN:50,(anonymous_6)
FN:60,(anonymous_7)
FN:65,(anonymous_8)
FN:66,(anonymous_9)
FNF:10
FNH:1
FNDA:2,Appointment
FNDA:0,save
FNDA:0,(anonymous_2)
FNDA:0,(anonymous_3)
FNDA:0,remove
FNDA:0,(anonymous_5)
FNDA:0,(anonymous_6)
FNDA:0,(anonymous_7)
FNDA:0,(anonymous_8)
FNDA:0,(anonymous_9)
DA:16,2
DA:17,2
DA:18,2
DA:19,2
DA:20,2
DA:21,2
DA:22,2
DA:23,2
DA:24,2
DA:26,2
DA:33,0
DA:38,0
DA:39,0
DA:40,0
DA:41,0
DA:47,0
DA:48,0
DA:49,0
DA:50,0
DA:53,2
DA:60,0
DA:65,0
DA:66,0
LF:23
LH:11
BRDA:27,0,0,0
BRDA:27,0,1,2
BRDA:56,1,0,2
BRDA:56,1,1,0
BRDA:57,2,0,2
BRDA:57,2,1,0
BRDA:58,3,0,2
BRDA:58,3,1,0
BRDA:59,4,0,2
BRDA:59,4,1,0
BRDA:60,5,0,2
BRDA:60,5,1,2
BRDA:61,6,0,2
BRDA:61,6,1,0
BRDA:69,7,0,2
BRDA:69,7,1,0
BRDA:70,8,0,2
BRDA:70,8,1,0
BRDA:79,9,0,2
BRDA:79,9,1,0
BRF:20
BRH:11
end_of_record
TN:
SF:/home/ahmed/lighthouse/scheduler/src/helpers/selectors.js
FN:1,getAppointmentsForDay
FN:2,(anonymous_1)
FN:5,(anonymous_2)
FN:6,(anonymous_3)
FN:14,getInterviewersForDay
FN:15,(anonymous_5)
FN:18,(anonymous_6)
FN:19,(anonymous_7)
FN:27,getInterview
FNF:9
FNH:9
FNDA:6,getAppointmentsForDay
FNDA:8,(anonymous_1)
FNDA:3,(anonymous_2)
FNDA:8,(anonymous_3)
FNDA:6,getInterviewersForDay
FNDA:8,(anonymous_5)
FNDA:3,(anonymous_6)
FNDA:3,(anonymous_7)
FNDA:2,getInterview
DA:2,8
DA:3,6
DA:5,6
DA:6,3
DA:7,8
DA:11,6
DA:15,8
DA:16,6
DA:18,6
DA:19,3
DA:20,3
DA:24,6
DA:28,2
DA:30,2
DA:31,3
DA:33,2
DA:34,1
DA:35,1
DA:39,1
LF:19
LH:19
BRDA:31,0,0,1
BRDA:31,0,1,2
BRDA:33,1,0,1
BRDA:33,1,1,1
BRF:4
BRH:4
end_of_record
TN:
SF:/home/ahmed/lighthouse/scheduler/src/hooks/useApplicationData.js
FN:4,useApplicationData
FN:20,(anonymous_1)
FN:23,updateSpots
FN:24,(anonymous_3)
FN:35,(anonymous_4)
FN:39,bookInterview
FN:53,(anonymous_6)
FN:60,cancelInterview
FN:73,(anonymous_8)
FN:80,(anonymous_9)
FN:86,(anonymous_10)
FN:87,(anonymous_11)
FNF:12
FNH:2
FNDA:1,useApplicationData
FNDA:0,(anonymous_1)
FNDA:0,updateSpots
FNDA:0,(anonymous_3)
FNDA:0,(anonymous_4)
FNDA:0,bookInterview
FNDA:0,(anonymous_6)
FNDA:0,cancelInterview
FNDA:0,(anonymous_8)
FNDA:1,(anonymous_9)
FNDA:0,(anonymous_10)
FNDA:0,(anonymous_11)
DA:6,1
DA:20,1
DA:24,0
DA:26,0
DA:27,0
DA:28,0
DA:29,0
DA:30,0
DA:34,0
DA:35,0
DA:36,0
DA:41,0
DA:46,0
DA:52,0
DA:54,0
DA:55,0
DA:62,0
DA:67,0
DA:72,0
DA:74,0
DA:75,0
DA:80,1
DA:81,1
DA:87,0
DA:95,1
LF:25
LH:5
BRDA:29,0,0,0
BRDA:29,0,1,0
BRDA:35,1,0,0
BRDA:35,1,1,0
BRF:4
BRH:0
end_of_record
TN:
SF:/home/ahmed/lighthouse/scheduler/src/hooks/useVisualMode.js
FN:3,useVisualMode
FN:7,(anonymous_1)
FN:8,(anonymous_2)
FN:8,(anonymous_3)
FN:12,(anonymous_4)
FNF:5
FNH:5
FNDA:15,useVisualMode
FNDA:5,(anonymous_1)
FNDA:4,(anonymous_2)
FNDA:1,(anonymous_3)
FNDA:4,(anonymous_4)
DA:4,15
DA:5,15
DA:7,15
DA:8,5
DA:9,5
DA:12,15
DA:13,4
DA:14,3
DA:15,3
DA:19,15
LF:10
LH:10
BRDA:7,0,0,4
BRDA:8,1,0,4
BRDA:8,1,1,1
BRDA:13,2,0,3
BRDA:13,2,1,1
BRF:5
BRH:5
end_of_record
